2016/01/19 16:38:40 INFO  - jmeter.util.JMeterUtils: Setting Locale to en_IN 
2016/01/19 16:38:40 INFO  - jmeter.JMeter: Loading user properties from: C:\Users\kapil.soni\workspace\MobileAPI Performance\target\jmeter\bin\user.properties 
2016/01/19 16:38:40 INFO  - jmeter.JMeter: Loading system properties from: C:\Users\kapil.soni\workspace\MobileAPI Performance\target\jmeter\bin\system.properties 
2016/01/19 16:38:40 INFO  - jmeter.JMeter: Copyright (c) 1998-2012 The Apache Software Foundation 
2016/01/19 16:38:40 INFO  - jmeter.JMeter: Version 2.6 r1237317 
2016/01/19 16:38:40 INFO  - jmeter.JMeter: java.version=1.8.0_65 
2016/01/19 16:38:40 INFO  - jmeter.JMeter: java.vm.name=Java HotSpot(TM) 64-Bit Server VM 
2016/01/19 16:38:40 INFO  - jmeter.JMeter: os.name=Windows 7 
2016/01/19 16:38:40 INFO  - jmeter.JMeter: os.arch=amd64 
2016/01/19 16:38:40 INFO  - jmeter.JMeter: os.version=6.1 
2016/01/19 16:38:40 INFO  - jmeter.JMeter: file.encoding=Cp1252 
2016/01/19 16:38:40 INFO  - jmeter.JMeter: Default Locale=English (India) 
2016/01/19 16:38:40 INFO  - jmeter.JMeter: JMeter  Locale=English (India) 
2016/01/19 16:38:40 INFO  - jmeter.JMeter: JMeterHome=C:\Users\kapil.soni\workspace\MobileAPI Performance\target\jmeter 
2016/01/19 16:38:40 INFO  - jmeter.JMeter: user.dir  =C:\Users\kapil.soni\workspace\MobileAPI Performance\target\jmeter\bin 
2016/01/19 16:38:40 INFO  - jmeter.JMeter: PWD       =C:\Users\kapil.soni\workspace\MobileAPI Performance\target\jmeter\bin 
2016/01/19 16:38:41 INFO  - jmeter.JMeter: IP: 10.20.86.64 Name: L-34FJ542 FullName: L-34FJ542.jasperindia.local 
2016/01/19 16:38:41 INFO  - jmeter.services.FileServer: Default base='C:\Users\kapil.soni\workspace\MobileAPI Performance\target\jmeter\bin' 
2016/01/19 16:38:41 INFO  - jmeter.services.FileServer: Set new base='C:\Users\kapil.soni\workspace\MobileAPI Performance\src\test\jmeter' 
2016/01/19 16:38:41 INFO  - jmeter.JMeter: Loading file: C:\Users\kapil.soni\workspace\MobileAPI Performance\src\test\jmeter\API Scaling.jmx 
2016/01/19 16:38:41 INFO  - jmeter.save.SaveService: Testplan (JMX) version: 2.2. Testlog (JTL) version: 2.2 
2016/01/19 16:38:41 INFO  - jmeter.save.SaveService: Using SaveService properties file encoding UTF-8 
2016/01/19 16:38:41 INFO  - jmeter.save.SaveService: Using SaveService properties file version 1234216 
2016/01/19 16:38:41 INFO  - jmeter.save.SaveService: Using SaveService properties version 2.2 
2016/01/19 16:38:41 INFO  - jmeter.save.SaveService: All converter versions present and correct 
2016/01/19 16:38:41 INFO  - jmeter.protocol.http.sampler.HTTPSamplerBase: Cannot find .className property for htmlParser, using default 
2016/01/19 16:38:41 INFO  - jmeter.protocol.http.sampler.HTTPSamplerBase: Parser for text/html is  
2016/01/19 16:38:41 INFO  - jmeter.protocol.http.sampler.HTTPSamplerBase: Parser for application/xhtml+xml is  
2016/01/19 16:38:41 INFO  - jmeter.protocol.http.sampler.HTTPSamplerBase: Parser for application/xml is  
2016/01/19 16:38:41 INFO  - jmeter.protocol.http.sampler.HTTPSamplerBase: Parser for text/xml is  
2016/01/19 16:38:41 INFO  - jmeter.protocol.http.sampler.HTTPSamplerBase: Parser for text/vnd.wap.wml is org.apache.jmeter.protocol.http.parser.RegexpHTMLParser 
2016/01/19 16:38:41 INFO  - jmeter.protocol.http.sampler.HTTPSamplerBase: Reuse SSL session context on subsequent iterations: true 
2016/01/19 16:38:41 INFO  - jmeter.engine.StandardJMeterEngine: Running the test! 
2016/01/19 16:38:41 INFO  - jmeter.engine.util.CompoundVariable: Note: Function class names must contain the string: '.functions.' 
2016/01/19 16:38:41 INFO  - jmeter.engine.util.CompoundVariable: Note: Function class names must not contain the string: '.gui.' 
2016/01/19 16:38:42 INFO  - jmeter.JMeter: Running test (1453201722956) 
2016/01/19 16:38:43 INFO  - jmeter.engine.StandardJMeterEngine: Starting 2 threads for group APIScalingThread. 
2016/01/19 16:38:43 INFO  - jmeter.engine.StandardJMeterEngine: Thread will continue on error 
2016/01/19 16:38:43 INFO  - jmeter.threads.JMeterThread: jmeterthread.startearlier=true (see jmeter.properties) 
2016/01/19 16:38:43 INFO  - jmeter.threads.JMeterThread: Running PostProcessors in forward order 
2016/01/19 16:38:43 INFO  - jmeter.engine.StandardJMeterEngine: All threads have been started 
2016/01/19 16:38:43 INFO  - jmeter.threads.JMeterThread: Thread started: APIScalingThread 1-1 
2016/01/19 16:38:43 INFO  - jmeter.services.FileServer: Stored: productss.txt Alias: productss.txt@shareMode.all 
2016/01/19 16:38:43 ERROR - jmeter.config.CSVDataSet: java.io.FileNotFoundException: C:\Users\kapil.soni\workspace\MobileAPI Performance\src\test\jmeter\productss.txt (The system cannot find the file specified) 
2016/01/19 16:38:43 INFO  - jmeter.services.FileServer: Stored: ProductID.csv Alias: ProductID.csv@shareMode.all 
2016/01/19 16:38:43 ERROR - jmeter.config.CSVDataSet: java.io.FileNotFoundException: C:\Users\kapil.soni\workspace\MobileAPI Performance\src\test\jmeter\ProductID.csv (The system cannot find the file specified) 
2016/01/19 16:38:43 INFO  - jmeter.protocol.http.sampler.HTTPJavaImpl: Maximum connection retries = 10 
2016/01/19 16:38:43 INFO  - jmeter.samplers.SampleResult: Note: Sample TimeStamps are START times 
2016/01/19 16:38:43 INFO  - jmeter.samplers.SampleResult: sampleresult.default.encoding is set to ISO-8859-1 
2016/01/19 16:38:43 INFO  - jmeter.samplers.SampleResult: sampleresult.useNanoTime=true 
2016/01/19 16:38:43 INFO  - jmeter.samplers.SampleResult: sampleresult.nanoThreadSleep=5000 
2016/01/19 16:38:44 INFO  - jmeter.threads.JMeterThread: Thread started: APIScalingThread 1-2 
2016/01/19 16:38:44 ERROR - jmeter.config.CSVDataSet: java.io.FileNotFoundException: C:\Users\kapil.soni\workspace\MobileAPI Performance\src\test\jmeter\productss.txt (The system cannot find the file specified) 
2016/01/19 16:38:44 ERROR - jmeter.config.CSVDataSet: java.io.FileNotFoundException: C:\Users\kapil.soni\workspace\MobileAPI Performance\src\test\jmeter\ProductID.csv (The system cannot find the file specified) 
2016/01/19 16:38:45 INFO  - jmeter.threads.JMeterThread: Thread finished: APIScalingThread 1-1 
2016/01/19 16:38:45 INFO  - jmeter.engine.StandardJMeterEngine: Ending thread APIScalingThread 1-1 
2016/01/19 16:38:45 INFO  - jmeter.threads.JMeterThread: Thread finished: APIScalingThread 1-2 
2016/01/19 16:38:45 INFO  - jmeter.engine.StandardJMeterEngine: Ending thread APIScalingThread 1-2 
2016/01/19 16:38:45 INFO  - jmeter.engine.StandardJMeterEngine: Notifying test listeners of end of test 
2016/01/19 16:38:45 INFO  - jmeter.engine.StandardJMeterEngine: Test has ended on host null 
